<?xml version="1.0" encoding="UTF-8"?>
<testsuite name="TestSuite" time="0.446" tests="4" errors="0" skipped="0" failures="3">
  <properties>
[...]
</properties>
  <testcase name="s01_BrowserLaunch" classname="Mailtest" time="0.437">
    <failure message="tried to access method com.google.common.util.concurrent.SimpleTimeLimiter.&lt;init&gt;(Ljava/util/concurrent/ExecutorService;)V from class org.openqa.selenium.net.UrlChecker" type="java.lang.IllegalAccessError"><![CDATA[java.lang.IllegalAccessError: tried to access method com.google.common.util.concurrent.SimpleTimeLimiter.<init>(Ljava/util/concurrent/ExecutorService;)V from class org.openqa.selenium.net.UrlChecker
	at org.openqa.selenium.net.UrlChecker.<init>(UrlChecker.java:67)
	at org.openqa.selenium.remote.service.DriverService.waitUntilAvailable(DriverService.java:175)
	at org.openqa.selenium.remote.service.DriverService.start(DriverService.java:166)
	at org.openqa.selenium.remote.service.DriverCommandExecutor.execute(DriverCommandExecutor.java:78)
	at org.openqa.selenium.remote.RemoteWebDriver.execute(RemoteWebDriver.java:644)
	at org.openqa.selenium.remote.RemoteWebDriver.startSession(RemoteWebDriver.java:249)
	at org.openqa.selenium.remote.RemoteWebDriver.<init>(RemoteWebDriver.java:131)
	at org.openqa.selenium.remote.RemoteWebDriver.<init>(RemoteWebDriver.java:144)
	at org.openqa.selenium.chrome.ChromeDriver.<init>(ChromeDriver.java:170)
	at org.openqa.selenium.chrome.ChromeDriver.<init>(ChromeDriver.java:159)
	at org.openqa.selenium.chrome.ChromeDriver.<init>(ChromeDriver.java:148)
	at Mailtest.s01_BrowserLaunch(Mailtest.java:25)
]]></failure>
  </testcase>
  <testcase name="s02_Login" classname="Mailtest" time="0.001">
    <failure type="java.lang.NullPointerException:">java.lang.NullPointerException: null
	at Mailtest.s02_Login(Mailtest.java:40)
</failure>
  </testcase>
  <testcase name="s03_OpenMail" classname="Mailtest" time="0.008"/>
  <testcase name="s04_CheckMail" classname="Mailtest" time="0">
    <failure type="java.lang.NullPointerException:">java.lang.NullPointerException: null
	at Mailtest.s04_CheckMail(Mailtest.java:82)
</failure>
  </testcase>
</testsuite>